-> SERVER STARTED AT 2016-12-29 19:40:06[19:40:06] Starting...
[19:40:08] Loading resources...
[19:40:09] Starting admin
[19:40:12] Resource admin started!
[19:40:12] Starting rpg
[19:40:14] Database initialized!
[19:40:14] Resource rpg started!
[19:40:14] Started! Waiting for connections.
[19:41:48] INFO: Initiating connection from IP: 192.168.1.66
[19:41:48] New incoming connection: Neo_Atom (Neo_Atom) [192.168.1.66]
[19:41:55] New player connected: Neo_Atom (Neo_Atom)
[19:45:26] Player disconnected: Neo_Atom (Neo_Atom) [192.168.1.66]
-> SERVER STARTED AT 2016-12-29 20:31:21[20:31:21] Starting...
[20:31:23] Loading resources...
[20:31:23] Starting admin
[20:31:24] Resource admin started!
[20:31:24] Starting rpg
[20:31:26] Database initialized!
[20:31:26] Resource rpg started!
[20:31:26] Started! Waiting for connections.
[20:31:26] Terminating...
[20:31:26] Stopping rpg
[20:31:26] Stopped rpg!
[20:31:27] Stopping admin
[20:31:27] Stopped admin!
-> SERVER STARTED AT 2016-12-29 20:31:28[20:31:28] Starting...
[20:31:29] Loading resources...
[20:31:29] Starting admin
[20:31:29] Resource admin started!
[20:31:29] Starting rpg
[20:31:30] Database initialized!
[20:31:30] Resource rpg started!
[20:31:30] Started! Waiting for connections.
[20:31:32] Terminating...
[20:31:32] Stopping rpg
[20:31:32] Stopped rpg!
[20:31:32] Stopping admin
[20:31:32] Stopped admin!
-> SERVER STARTED AT 2016-12-29 20:32:34[20:32:34] Starting...
[20:32:35] Loading resources...
[20:32:35] Starting admin
[20:32:36] Resource admin started!
[20:32:36] Starting freeroam
[20:32:37] Resource freeroam started!
[20:32:37] Started! Waiting for connections.
[20:32:47] INFO: Initiating connection from IP: 192.168.1.66
[20:32:47] New incoming connection: Neo_Atom (Neo_Atom) [192.168.1.66]
[20:32:49] New player connected: Neo_Atom (Neo_Atom)
[20:34:00] Player disconnected: Neo_Atom (Neo_Atom) [192.168.1.66]
[20:37:54] INFO: Initiating connection from IP: 192.168.1.66
[20:37:55] New incoming connection: Neo_Atom (Neo_Atom) [192.168.1.66]
[20:38:00] New player connected: Neo_Atom (Neo_Atom)
-> SERVER STARTED AT 2016-12-29 20:41:01[20:41:01] Starting...
[20:41:02] Loading resources...
[20:41:02] Starting admin
[20:41:05] Resource admin started!
[20:41:05] Starting freeroam
[20:41:06] Error/warning while compiling script!
[20:41:06] Error (CS0010) at 0: Unexpected fatal error -- 'The paging file is too small for this operation to complete. '
[20:41:06] ERROR STARTING RESOURCE freeroam
[20:41:06] System.ArgumentNullException: Value cannot be null.
Parameter name: source
   at System.Linq.Enumerable.Select[TSource,TResult](IEnumerable`1 source, Func`2 selector)
   at GTANetworkServer.GameServer.StartResource(String resourceName, String father)
[20:41:06] Started! Waiting for connections.
-> SERVER STARTED AT 2016-12-29 20:43:39[20:43:39] Starting...
[20:43:40] ERROR: Socket Exception when starting server: Only one usage of each socket address (protocol/network address/port) is normally permitted
-> SERVER STARTED AT 2016-12-29 20:43:51[20:43:51] Starting...
[20:43:52] Loading resources...
[20:43:52] Starting admin
[20:43:53] Resource admin started!
[20:43:53] Starting freeroam
[20:43:54] Resource freeroam started!
[20:43:54] Started! Waiting for connections.
[20:44:03] INFO: Initiating connection from IP: 192.168.1.66
[20:44:03] New incoming connection: Neo_Atom (Neo_Atom) [192.168.1.66]
[20:44:03] New player connected: Neo_Atom (Neo_Atom)
[20:44:26] Terminating...
[20:44:26] Stopping freeroam
[20:44:27] Stopped freeroam!
[20:44:27] Stopping admin
[20:44:27] Stopped admin!
-> SERVER STARTED AT 2016-12-29 20:48:02[20:48:02] Starting...
[20:48:03] Loading resources...
[20:48:03] Starting admin
[20:48:04] Resource admin started!
[20:48:04] Starting freeroam
[20:48:05] Resource freeroam started!
[20:48:05] Started! Waiting for connections.
[20:48:10] INFO: Initiating connection from IP: 192.168.1.66
[20:48:10] New incoming connection: Neo_Atom (Neo_Atom) [192.168.1.66]
[20:48:10] New player connected: Neo_Atom (Neo_Atom)
[20:48:41] Neo_Atom: sadfkj
[20:49:36] Player disconnected: Neo_Atom (Neo_Atom) [192.168.1.66]
[20:50:14] Terminating...
[20:50:14] Stopping freeroam
[20:50:14] Stopped freeroam!
[20:50:14] Stopping admin
[20:50:14] Stopped admin!
-> SERVER STARTED AT 2016-12-29 21:01:16[21:01:16] Starting...
[21:01:17] Loading resources...
[21:01:17] Starting admin
[21:01:19] Resource admin started!
[21:01:19] Starting freeroam
[21:01:21] Resource freeroam started!
[21:01:21] Started! Waiting for connections.
[21:01:31] INFO: Initiating connection from IP: 192.168.1.66
[21:01:32] New incoming connection: Neo_Atom (Neo_Atom) [192.168.1.66]
[21:01:32] New player connected: Neo_Atom (Neo_Atom)
[21:06:19] Terminating...
[21:06:19] Stopping freeroam
[21:06:19] Stopped freeroam!
[21:06:19] Stopping admin
[21:06:19] Stopped admin!
